{"level":"info","message":"Request Query Parameters:","name":"ind","timestamp":"2024-02-28T13:02:44.907Z"}
{"level":"info","message":"Request Body:","timestamp":"2024-02-28T13:02:44.910Z"}
{"level":"info","message":"Response Data: Countries retrieved successfully","response":[{"__v":0,"_id":"65cda6c303d3361b6bd4da8a","countryCode":"IN","currency":"INR","name":"India","timeZones":[{"_id":"65cda6c303d3361b6bd4da8b","abbreviation":"IST","gmtOffset":19800,"gmtOffsetName":"UTC+05:30","tzName":"Indian Standard Time","zoneName":"Asia/Kolkata"}]},{"__v":0,"_id":"65cda6c303d3361b6bd4da8d","countryCode":"ID","currency":"IDR","name":"Indonesia","timeZones":[{"_id":"65cda6c303d3361b6bd4da8e","abbreviation":"WIB","gmtOffset":25200,"gmtOffsetName":"UTC+07:00","tzName":"Western Indonesian Time","zoneName":"Asia/Jakarta"},{"_id":"65cda6c303d3361b6bd4da8f","abbreviation":"WIT","gmtOffset":32400,"gmtOffsetName":"UTC+09:00","tzName":"Eastern Indonesian Time","zoneName":"Asia/Jayapura"},{"_id":"65cda6c303d3361b6bd4da90","abbreviation":"WITA","gmtOffset":28800,"gmtOffsetName":"UTC+08:00","tzName":"Central Indonesia Time","zoneName":"Asia/Makassar"},{"_id":"65cda6c303d3361b6bd4da91","abbreviation":"WIB","gmtOffset":25200,"gmtOffsetName":"UTC+07:00","tzName":"Western Indonesian Time","zoneName":"Asia/Pontianak"}]}],"success":true,"timestamp":"2024-02-28T13:02:45.240Z"}
{"level":"info","message":"Request Query Parameters:","name":"ind","timestamp":"2024-02-28T13:02:50.719Z"}
{"level":"info","message":"Request Body:","timestamp":"2024-02-28T13:02:50.719Z"}
{"level":"info","message":"Response Data: Countries retrieved successfully","response":[{"__v":0,"_id":"65cda6c303d3361b6bd4da8a","countryCode":"IN","currency":"INR","name":"India","timeZones":[{"_id":"65cda6c303d3361b6bd4da8b","abbreviation":"IST","gmtOffset":19800,"gmtOffsetName":"UTC+05:30","tzName":"Indian Standard Time","zoneName":"Asia/Kolkata"}]},{"__v":0,"_id":"65cda6c303d3361b6bd4da8d","countryCode":"ID","currency":"IDR","name":"Indonesia","timeZones":[{"_id":"65cda6c303d3361b6bd4da8e","abbreviation":"WIB","gmtOffset":25200,"gmtOffsetName":"UTC+07:00","tzName":"Western Indonesian Time","zoneName":"Asia/Jakarta"},{"_id":"65cda6c303d3361b6bd4da8f","abbreviation":"WIT","gmtOffset":32400,"gmtOffsetName":"UTC+09:00","tzName":"Eastern Indonesian Time","zoneName":"Asia/Jayapura"},{"_id":"65cda6c303d3361b6bd4da90","abbreviation":"WITA","gmtOffset":28800,"gmtOffsetName":"UTC+08:00","tzName":"Central Indonesia Time","zoneName":"Asia/Makassar"},{"_id":"65cda6c303d3361b6bd4da91","abbreviation":"WIB","gmtOffset":25200,"gmtOffsetName":"UTC+07:00","tzName":"Western Indonesian Time","zoneName":"Asia/Pontianak"}]}],"success":true,"timestamp":"2024-02-28T13:02:51.041Z"}
{"level":"info","message":"Request Query Parameters:","timestamp":"2024-02-29T06:40:28.521Z"}
{"email":"arghya@gmail.com","level":"info","message":"Request Body:","password":"12345678","timestamp":"2024-02-29T06:40:28.523Z"}
{"level":"info","message":"Response Data: Admin signed in successfully","success":true,"timestamp":"2024-02-29T06:40:28.892Z"}
{"level":"info","message":"Request Query Parameters:","timestamp":"2024-02-29T06:40:32.253Z"}
{"address":"xyz Street1","adminEmail":"bikkihimanstech@gmail.com","appointmentSettings":{"endTime":"18:00'","intervalInMinutes":60,"startTime":"09:00"},"city":"Delhi","contactTel":9864351389,"country":"India","fbLink":"abc@facebook.com","instraLink":"abc@instra.com","level":"info","location":{"coordinates":{"latitude":39.518,"longitude":-71.0138},"type":"Point"},"message":"Request Body:","postCode":"12345","salonEmail":"arghyaSalon12@gmail.com","salonName":"Testsalon2123478","salonType":"Hair Salon","services":[{"serviceDesc":"New haircut","serviceEWT":15,"serviceIcon":{"public_id":"icons/posts_1706515286163","url":"https://res.cloudinary.com/dfrw3aqyp/image/upload/v1706515287/icons/posts%20%281%29_1706515286159.png"},"serviceName":"Haircut","servicePrice":20},{"serviceDesc":"New massage","serviceEWT":20,"serviceIcon":{"public_id":"icons/St marys (3)_1706515286164","url":"https://res.cloudinary.com/dfrw3aqyp/image/upload/v1706515288/icons/St%20marys%20%283%29_1706515286164.png"},"serviceName":"Massage","servicePrice":30},{"serviceDesc":"New Spa","serviceEWT":25,"serviceIcon":{"public_id":"icons/tiger_1706515286167","url":"https://res.cloudinary.com/dfrw3aqyp/image/upload/v1706515288/icons/tiger_1706515286167.jpg"},"serviceName":"Spa","servicePrice":40}],"timeZone":"UTC+05:30","timestamp":"2024-02-29T06:40:32.253Z","twitterLink":"abc@twitter.com","webLink":"liv@salon.com"}
{"level":"info","message":"Response Data: Salon with the Salon Email or Salon Name already exists","success":false,"timestamp":"2024-02-29T06:40:32.607Z"}
{"level":"info","message":"Request Query Parameters:","timestamp":"2024-02-29T07:49:05.664Z"}
{"email":"arghya@gmail.com","level":"info","message":"Request Body:","password":"12345678","timestamp":"2024-02-29T07:49:05.666Z"}
{"level":"info","message":"Response Data: Admin signed in successfully","success":true,"timestamp":"2024-02-29T07:49:06.011Z"}
{"level":"info","message":"Request Query Parameters:","timestamp":"2024-02-29T07:49:09.101Z"}
{"address":"ascsa","adminEmail":"sagniknandy27@gmail.com","level":"info","message":"Request Body:","postCode":"234234","salonId":1,"services":[{"serviceId":11,"serviceName":"New Hair","servicePrice":"250"}],"timestamp":"2024-02-29T07:49:09.101Z"}
{"level":"info","message":"Response Data: Missing required fields","success":false,"timestamp":"2024-02-29T07:49:09.106Z"}
{"level":"info","message":"Request Query Parameters:","timestamp":"2024-02-29T07:49:55.084Z"}
{"address":"ascsa","adminEmail":"sagniknandy27@gmail.com","level":"info","message":"Request Body:","postCode":"234234","salonId":1,"services":[{"serviceId":11,"serviceName":"New Hair","servicePrice":"250"}],"timestamp":"2024-02-29T07:49:55.085Z"}
{"level":"info","message":"Response Data: Invalid format for contact. It should be a 10-digit number","success":false,"timestamp":"2024-02-29T07:49:55.743Z"}
{"level":"info","message":"Request Query Parameters:","timestamp":"2024-02-29T07:50:32.132Z"}
{"address":"ascsa","adminEmail":"sagniknandy27@gmail.com","level":"info","message":"Request Body:","postCode":"234234","salonId":1,"services":[{"serviceId":11,"serviceName":"New Hair","servicePrice":"250"}],"timestamp":"2024-02-29T07:50:32.135Z"}
{"level":"error","message":"jwt must be provided","timestamp":"2024-02-29T07:50:32.138Z"}
{"level":"info","message":"Response Data: jwt must be provided","stack":"JsonWebTokenError: jwt must be provided\n    at Object.module.exports [as verify] (/Users/manojbose/Desktop/Arghya_Work/IQB/node_modules/jsonwebtoken/verify.js:60:17)\n    at handleAdminProtectedRoute (/Users/manojbose/Desktop/Arghya_Work/IQB/controllers/admin/adminRegisterController.js:670:33)\n    at Layer.handle [as handle_request] (/Users/manojbose/Desktop/Arghya_Work/IQB/node_modules/express/lib/router/layer.js:95:5)\n    at next (/Users/manojbose/Desktop/Arghya_Work/IQB/node_modules/express/lib/router/route.js:144:13)\n    at Route.dispatch (/Users/manojbose/Desktop/Arghya_Work/IQB/node_modules/express/lib/router/route.js:114:3)\n    at Layer.handle [as handle_request] (/Users/manojbose/Desktop/Arghya_Work/IQB/node_modules/express/lib/router/layer.js:95:5)\n    at /Users/manojbose/Desktop/Arghya_Work/IQB/node_modules/express/lib/router/index.js:284:15\n    at Function.process_params (/Users/manojbose/Desktop/Arghya_Work/IQB/node_modules/express/lib/router/index.js:346:12)\n    at next (/Users/manojbose/Desktop/Arghya_Work/IQB/node_modules/express/lib/router/index.js:280:10)\n    at Function.handle (/Users/manojbose/Desktop/Arghya_Work/IQB/node_modules/express/lib/router/index.js:175:3)","status":500,"success":false,"timestamp":"2024-02-29T07:50:32.139Z"}
{"level":"info","message":"Request Query Parameters:","timestamp":"2024-02-29T07:50:35.890Z"}
{"email":"arghya@gmail.com","level":"info","message":"Request Body:","password":"12345678","timestamp":"2024-02-29T07:50:35.891Z"}
{"level":"info","message":"Response Data: Admin signed in successfully","success":true,"timestamp":"2024-02-29T07:50:36.247Z"}
{"level":"info","message":"Request Query Parameters:","timestamp":"2024-02-29T07:50:37.926Z"}
{"address":"ascsa","adminEmail":"sagniknandy27@gmail.com","level":"info","message":"Request Body:","postCode":"234234","salonId":1,"services":[{"serviceId":11,"serviceName":"New Hair","servicePrice":"250"}],"timestamp":"2024-02-29T07:50:37.926Z"}
{"level":"info","message":"Response Data: Failed to update salon.","timestamp":"2024-02-29T07:50:38.444Z"}
{"level":"info","message":"Request Query Parameters:","timestamp":"2024-02-29T07:55:12.566Z"}
{"email":"arghya@gmail.com","level":"info","message":"Request Body:","password":"12345678","timestamp":"2024-02-29T07:55:12.569Z"}
{"level":"info","message":"Response Data: Admin signed in successfully","success":true,"timestamp":"2024-02-29T07:55:12.945Z"}
{"level":"info","message":"Request Query Parameters:","timestamp":"2024-02-29T07:55:14.894Z"}
{"address":"ascsa","adminEmail":"sagniknandy27@gmail.com","level":"info","message":"Request Body:","postCode":"234234","salonId":1,"services":[{"salonIcon":{"public_id":"icons/Femalehaircut_1706703379391","url":"https://res.cloudinary.com/dfrw3aqyp/image/upload/v1706703381/icons/Femalehaircut_1706703379391.png"},"serviceId":11,"serviceName":"New Hair","servicePrice":"250"}],"timestamp":"2024-02-29T07:55:14.895Z"}
{"level":"info","message":"Response Data: Failed to update salon.","timestamp":"2024-02-29T07:55:15.457Z"}
{"level":"info","message":"Request Query Parameters:","timestamp":"2024-02-29T07:55:39.443Z"}
{"address":"ascsa","adminEmail":"sagniknandy27@gmail.com","level":"info","message":"Request Body:","postCode":"234234","salonId":1,"services":[{"salonIcon":{"public_id":"icons/Femalehaircut_1706703379391","url":"https://res.cloudinary.com/dfrw3aqyp/image/upload/v1706703381/icons/Femalehaircut_1706703379391.png"},"serviceId":11,"serviceName":"New Hair","servicePrice":"250"}],"timestamp":"2024-02-29T07:55:39.446Z"}
{"level":"info","message":"Response Data: Failed to update salon.","timestamp":"2024-02-29T07:55:40.096Z"}
{"level":"info","message":"Request Query Parameters:","timestamp":"2024-02-29T07:57:24.408Z"}
{"email":"arghya@gmail.com","level":"info","message":"Request Body:","password":"12345678","timestamp":"2024-02-29T07:57:24.409Z"}
{"level":"info","message":"Response Data: Admin signed in successfully","success":true,"timestamp":"2024-02-29T07:57:26.438Z"}
{"level":"info","message":"Request Query Parameters:","timestamp":"2024-02-29T07:57:27.456Z"}
{"address":"ascsa","adminEmail":"sagniknandy27@gmail.com","level":"info","message":"Request Body:","postCode":"234234","salonId":1,"services":[{"salonIcon":{"public_id":"icons/Femalehaircut_1706703379391","url":"https://res.cloudinary.com/dfrw3aqyp/image/upload/v1706703381/icons/Femalehaircut_1706703379391.png"},"serviceId":11,"serviceName":"New Hair","servicePrice":"250"}],"timestamp":"2024-02-29T07:57:27.457Z"}
{"level":"info","message":"Response Data: Salon updated successfully.","response":{"__v":0,"_id":"65c71c861495a3ecdec7aa14","address":"ascsa","adminEmail":"sagniknandy27@gmail.com","city":"","contactTel":null,"country":"","createdAt":"2024-02-10T06:49:42.501Z","gallery":[{"_id":"65c71c891495a3ecdec7aa36","public_id":"students/salon3","url":"https://res.cloudinary.com/dfrw3aqyp/image/upload/v1707027020/students/salon3.png"},{"_id":"65c71c891495a3ecdec7aa37","public_id":"students/salon4","url":"https://res.cloudinary.com/dfrw3aqyp/image/upload/v1707547784/students/salon4.jpg"},{"_id":"65c71cb61495a3ecdec7ab01","public_id":"students/salon1","url":"https://res.cloudinary.com/dfrw3aqyp/image/upload/v1707026986/students/salon1.jpg"}],"isDeleted":true,"isLicensed":false,"isOnline":true,"location":{"coordinates":{"_id":"65c71c861495a3ecdec7aa15","latitude":22.9736448,"longitude":88.4703232},"type":"Point"},"postCode":"","salonCode":"SA1","salonEmail":"","salonId":1,"salonLogo":[{"_id":"65c71c891495a3ecdec7aa2f","public_id":"salons/rose","url":"https://res.cloudinary.com/dfrw3aqyp/image/upload/v1707547854/salons/rose.jpg"}],"salonName":"sagnikSalon","salonRatings":["65c71f759d57ebc2b9e2265f"],"salonType":"","services":[{"_id":"65c71c861495a3ecdec7aa16","serviceCode":"HA11","serviceDesc":"hair Desc","serviceEWT":35,"serviceIcon":{"public_id":"icons/Femalehaircut_1706703379391","url":"https://res.cloudinary.com/dfrw3aqyp/image/upload/v1706703381/icons/Femalehaircut_1706703379391.png"},"serviceId":11,"serviceName":"Hair","servicePrice":350},{"_id":"65c71c861495a3ecdec7aa17","serviceCode":"ME12","serviceDesc":"Message Desc","serviceEWT":45,"serviceIcon":{"public_id":"icons/hair dyes_1706703379402","url":"https://res.cloudinary.com/dfrw3aqyp/image/upload/v1706703381/icons/hair%20dyes_1706703379402.jpg"},"serviceId":12,"serviceName":"Message","servicePrice":500},{"_id":"65c71c861495a3ecdec7aa18","serviceCode":"SP13","serviceDesc":"Spa desc","serviceEWT":50,"serviceIcon":{"public_id":"icons/spa_1706703379407","url":"https://res.cloudinary.com/dfrw3aqyp/image/upload/v1706703381/icons/spa_1706703379407.jpg"},"serviceId":13,"serviceName":"Spa","servicePrice":875}],"updatedAt":"2024-02-29T07:57:27.960Z","webLink":""},"timestamp":"2024-02-29T07:57:28.340Z"}
{"level":"info","message":"Request Query Parameters:","timestamp":"2024-02-29T07:58:52.142Z"}
{"address":"ascsbc","adminEmail":"sagniknandy27@gmail.com","level":"info","message":"Request Body:","postCode":"234234","salonId":1,"services":[{"salonIcon":{"public_id":"icons/Femalehaircut_1706703379391","url":"https://res.cloudinary.com/dfrw3aqyp/image/upload/v1706703381/icons/Femalehaircut_1706703379391.png"},"serviceId":11,"serviceName":"New Hair","servicePrice":"250"}],"timestamp":"2024-02-29T07:58:52.142Z"}
{"level":"error","message":"jwt must be provided","timestamp":"2024-02-29T07:58:52.148Z"}
{"level":"info","message":"Response Data: jwt must be provided","stack":"JsonWebTokenError: jwt must be provided\n    at Object.module.exports [as verify] (/Users/manojbose/Desktop/Arghya_Work/IQB/node_modules/jsonwebtoken/verify.js:60:17)\n    at handleAdminProtectedRoute (/Users/manojbose/Desktop/Arghya_Work/IQB/controllers/admin/adminRegisterController.js:670:33)\n    at Layer.handle [as handle_request] (/Users/manojbose/Desktop/Arghya_Work/IQB/node_modules/express/lib/router/layer.js:95:5)\n    at next (/Users/manojbose/Desktop/Arghya_Work/IQB/node_modules/express/lib/router/route.js:144:13)\n    at Route.dispatch (/Users/manojbose/Desktop/Arghya_Work/IQB/node_modules/express/lib/router/route.js:114:3)\n    at Layer.handle [as handle_request] (/Users/manojbose/Desktop/Arghya_Work/IQB/node_modules/express/lib/router/layer.js:95:5)\n    at /Users/manojbose/Desktop/Arghya_Work/IQB/node_modules/express/lib/router/index.js:284:15\n    at Function.process_params (/Users/manojbose/Desktop/Arghya_Work/IQB/node_modules/express/lib/router/index.js:346:12)\n    at next (/Users/manojbose/Desktop/Arghya_Work/IQB/node_modules/express/lib/router/index.js:280:10)\n    at Function.handle (/Users/manojbose/Desktop/Arghya_Work/IQB/node_modules/express/lib/router/index.js:175:3)","status":500,"success":false,"timestamp":"2024-02-29T07:58:52.148Z"}
{"level":"info","message":"Request Query Parameters:","timestamp":"2024-02-29T07:58:55.538Z"}
{"email":"arghya@gmail.com","level":"info","message":"Request Body:","password":"12345678","timestamp":"2024-02-29T07:58:55.539Z"}
{"level":"info","message":"Response Data: Admin signed in successfully","success":true,"timestamp":"2024-02-29T07:58:55.881Z"}
{"level":"info","message":"Request Query Parameters:","timestamp":"2024-02-29T07:58:58.111Z"}
{"address":"ascsbc","adminEmail":"sagniknandy27@gmail.com","level":"info","message":"Request Body:","postCode":"234234","salonId":1,"services":[{"salonIcon":{"public_id":"icons/Femalehaircut_1706703379391","url":"https://res.cloudinary.com/dfrw3aqyp/image/upload/v1706703381/icons/Femalehaircut_1706703379391.png"},"serviceId":11,"serviceName":"New Hair","servicePrice":"250"}],"timestamp":"2024-02-29T07:58:58.112Z"}
{"level":"info","message":"Response Data: Salon updated successfully.","response":{"__v":0,"_id":"65c71c861495a3ecdec7aa14","address":"ascsbc","adminEmail":"sagniknandy27@gmail.com","city":"","contactTel":null,"country":"","createdAt":"2024-02-10T06:49:42.501Z","gallery":[{"_id":"65c71c891495a3ecdec7aa36","public_id":"students/salon3","url":"https://res.cloudinary.com/dfrw3aqyp/image/upload/v1707027020/students/salon3.png"},{"_id":"65c71c891495a3ecdec7aa37","public_id":"students/salon4","url":"https://res.cloudinary.com/dfrw3aqyp/image/upload/v1707547784/students/salon4.jpg"},{"_id":"65c71cb61495a3ecdec7ab01","public_id":"students/salon1","url":"https://res.cloudinary.com/dfrw3aqyp/image/upload/v1707026986/students/salon1.jpg"}],"isDeleted":true,"isLicensed":false,"isOnline":true,"location":{"coordinates":{"_id":"65c71c861495a3ecdec7aa15","latitude":22.9736448,"longitude":88.4703232},"type":"Point"},"postCode":"","salonCode":"SA1","salonEmail":"","salonId":1,"salonLogo":[{"_id":"65c71c891495a3ecdec7aa2f","public_id":"salons/rose","url":"https://res.cloudinary.com/dfrw3aqyp/image/upload/v1707547854/salons/rose.jpg"}],"salonName":"sagnikSalon","salonRatings":["65c71f759d57ebc2b9e2265f"],"salonType":"","services":[{"_id":"65c71c861495a3ecdec7aa16","serviceCode":"HA11","serviceDesc":"hair Desc","serviceEWT":35,"serviceIcon":{"public_id":"icons/Femalehaircut_1706703379391","url":"https://res.cloudinary.com/dfrw3aqyp/image/upload/v1706703381/icons/Femalehaircut_1706703379391.png"},"serviceId":11,"serviceName":"Hair","servicePrice":350},{"_id":"65c71c861495a3ecdec7aa17","serviceCode":"ME12","serviceDesc":"Message Desc","serviceEWT":45,"serviceIcon":{"public_id":"icons/hair dyes_1706703379402","url":"https://res.cloudinary.com/dfrw3aqyp/image/upload/v1706703381/icons/hair%20dyes_1706703379402.jpg"},"serviceId":12,"serviceName":"Message","servicePrice":500},{"_id":"65c71c861495a3ecdec7aa18","serviceCode":"SP13","serviceDesc":"Spa desc","serviceEWT":50,"serviceIcon":{"public_id":"icons/spa_1706703379407","url":"https://res.cloudinary.com/dfrw3aqyp/image/upload/v1706703381/icons/spa_1706703379407.jpg"},"serviceId":13,"serviceName":"Spa","servicePrice":875}],"updatedAt":"2024-02-29T07:58:58.654Z","webLink":""},"timestamp":"2024-02-29T07:58:58.962Z"}
{"countryCode":"IN","level":"info","message":"Request Query Parameters:","timestamp":"2024-02-29T11:27:45.206Z"}
{"level":"info","message":"Request Body:","timestamp":"2024-02-29T11:27:45.207Z"}
{"level":"info","message":"Response Data: Time zones retrieved successfully","response":["UTC+05:30"],"success":true,"timestamp":"2024-02-29T11:27:45.490Z"}
{"level":"info","message":"Request Query Parameters:","timestamp":"2024-02-29T12:19:22.216Z"}
{"email":"arghyah@gmail.com","level":"info","message":"Request Body:","password":"123456","timestamp":"2024-02-29T12:19:22.217Z"}
{"level":"info","message":"Response Data: Password must be at least 8 characters long","success":false,"timestamp":"2024-02-29T12:19:22.218Z"}
{"level":"info","message":"Request Query Parameters:","timestamp":"2024-02-29T12:19:27.361Z"}
{"email":"arghyah@gmail.com","level":"info","message":"Request Body:","password":"123456","timestamp":"2024-02-29T12:19:27.361Z"}
{"level":"info","message":"Response Data: Password must be at least 8 characters long","success":false,"timestamp":"2024-02-29T12:19:27.362Z"}
{"level":"info","message":"Request Query Parameters:","timestamp":"2024-02-29T12:19:50.795Z"}
{"email":"arghyahi@gmail.com","level":"info","message":"Request Body:","password":"12345678","timestamp":"2024-02-29T12:19:50.796Z"}
{"level":"info","message":"Response Data: Invalid Credentials","success":false,"timestamp":"2024-02-29T12:19:51.084Z"}
{"level":"info","message":"Request Query Parameters:","timestamp":"2024-02-29T12:24:05.177Z"}
{"email":"arghya@gmail.com","level":"info","message":"Request Body:","password":"12345678","timestamp":"2024-02-29T12:24:05.178Z"}
{"level":"info","message":"Response Data: Admin signed in successfully","success":true,"timestamp":"2024-02-29T12:24:05.536Z"}
{"level":"info","message":"Request Query Parameters:","timestamp":"2024-02-29T12:27:25.579Z"}
{"email":"arghya@gmail.com","level":"info","message":"Request Body:","password":"12345678","timestamp":"2024-02-29T12:27:25.580Z"}
{"level":"info","message":"Response Data: Admin signed in successfully","success":true,"timestamp":"2024-02-29T12:27:25.931Z"}
{"level":"info","message":"Request Query Parameters:","timestamp":"2024-02-29T12:27:51.052Z"}
{"email":"arghyahi@gmail.com","level":"info","message":"Request Body:","password":"12345678","timestamp":"2024-02-29T12:27:51.053Z"}
{"level":"info","message":"Response Data: Invalid Credentials","success":false,"timestamp":"2024-02-29T12:27:51.303Z"}
{"level":"info","message":"Request Query Parameters:","timestamp":"2024-03-01T07:45:02.335Z"}
{"email":"poiu@yopmail.com","level":"info","message":"Request Body:","password":"12345678","timestamp":"2024-03-01T07:45:02.336Z"}
{"level":"info","message":"Response Data: Admin registered successfully","newUser":{"AuthType":"local","__v":0,"_id":"65e1877e0361dc9ff3c86793","admin":false,"createdAt":"2024-03-01T07:45:02.692Z","email":"poiu@yopmail.com","emailVerified":false,"isActive":false,"mobileVerified":false,"password":"$2b$10$gDeZHs9OWzmwu5sxzdrNr.iE./FU4VW9xT.5VHz7J0zUnxvfg5Mz.","profile":[],"registeredSalons":[],"role":"Admin","salonId":0,"updatedAt":"2024-03-01T07:45:02.692Z"},"success":true,"timestamp":"2024-03-01T07:45:02.954Z"}
{"level":"info","message":"Request Query Parameters:","timestamp":"2024-03-01T07:47:10.986Z"}
{"email":"poiu@yopmail.com","level":"info","message":"Request Body:","password":"12345678","timestamp":"2024-03-01T07:47:10.986Z"}
{"accessToken":"eyJhbGciOiJIUzI1NiIsInR5cCI6IkpXVCJ9.eyJlbWFpbCI6InBvaXVAeW9wbWFpbC5jb20iLCJyb2xlIjoiQWRtaW4iLCJpYXQiOjE3MDkyNzkyMzEsImV4cCI6MTcwOTM2NTYzMX0.ZcYbAHBeW_dicRipDvm4-2nlLAPP_58qblimXGUwUm4","level":"info","message":"Response Data: Admin Logged In Successfully","timestamp":"2024-03-01T07:47:11.337Z"}
{"level":"info","message":"Request Query Parameters:","timestamp":"2024-03-01T07:48:21.457Z"}
{"level":"info","message":"Request Body:","timestamp":"2024-03-01T07:48:21.458Z"}
{"level":"info","message":"Response Data: Admin Cookie cleared","success":true,"timestamp":"2024-03-01T07:48:21.458Z"}
{"level":"info","message":"Request Query Parameters:","timestamp":"2024-03-01T07:48:30.329Z"}
{"email":"poiu@yopmail.com","level":"info","message":"Request Body:","password":"12345678","timestamp":"2024-03-01T07:48:30.330Z"}
{"accessToken":"eyJhbGciOiJIUzI1NiIsInR5cCI6IkpXVCJ9.eyJlbWFpbCI6InBvaXVAeW9wbWFpbC5jb20iLCJyb2xlIjoiQWRtaW4iLCJpYXQiOjE3MDkyNzkzMTAsImV4cCI6MTcwOTM2NTcxMH0.UbdSMYCVAodgsli9I8QjfXZclaq_ZezHv2l4Q3SiHa8","level":"info","message":"Response Data: Admin Logged In Successfully","timestamp":"2024-03-01T07:48:30.679Z"}
{"level":"info","message":"Request Query Parameters:","timestamp":"2024-03-01T07:48:38.245Z"}
{"level":"info","message":"Request Body:","timestamp":"2024-03-01T07:48:38.245Z"}
{"level":"info","message":"Response Data: Admin Cookie cleared","success":true,"timestamp":"2024-03-01T07:48:38.246Z"}
{"level":"info","message":"Request Query Parameters:","timestamp":"2024-03-01T07:49:58.156Z"}
{"email":"poiu@yopmail.com","level":"info","message":"Request Body:","password":"12345678","timestamp":"2024-03-01T07:49:58.156Z"}
{"level":"info","message":"Response Data: Admin already exists","success":false,"timestamp":"2024-03-01T07:49:58.402Z"}
{"level":"info","message":"Request Query Parameters:","timestamp":"2024-03-01T07:52:22.090Z"}
{"dateOfBirth":"2023-12-10","email":"poiu@yopmail.com","gender":"Male","level":"info","message":"Request Body:","mobileNumber":"1234567890","name":"Poiu","timestamp":"2024-03-01T07:52:22.090Z"}
{"accessToken":"eyJhbGciOiJIUzI1NiIsInR5cCI6IkpXVCJ9.eyJlbWFpbCI6InBvaXVAeW9wbWFpbC5jb20iLCJyb2xlIjoiQWRtaW4iLCJpYXQiOjE3MDkyNzk1NDIsImV4cCI6MTcwOTM2NTk0Mn0.hfNyhctvHQg9aEB-EEzcjIMR3XFW2Sc48sNX3BK66kU","level":"info","message":"Response Data: Admin information updated successfully","success":true,"timestamp":"2024-03-01T07:52:22.605Z","updatedAdmin":{"AuthType":"local","__v":0,"_id":"65e1877e0361dc9ff3c86793","admin":false,"createdAt":"2024-03-01T07:45:02.692Z","dateOfBirth":"2023-12-10T00:00:00.000Z","email":"poiu@yopmail.com","emailVerified":false,"gender":"Male","isActive":false,"mobileNumber":1234567890,"mobileVerified":false,"name":"Poiu","password":"$2b$10$gDeZHs9OWzmwu5sxzdrNr.iE./FU4VW9xT.5VHz7J0zUnxvfg5Mz.","profile":[],"registeredSalons":[],"role":"Admin","salonId":0,"updatedAt":"2024-03-01T07:52:22.338Z"}}
{"level":"info","message":"Request Query Parameters:","timestamp":"2024-03-01T07:53:41.923Z"}
{"email":"poiu@yopmail.com","level":"info","message":"Request Body:","password":"12345678","timestamp":"2024-03-01T07:53:41.923Z"}
{"accessToken":"eyJhbGciOiJIUzI1NiIsInR5cCI6IkpXVCJ9.eyJlbWFpbCI6InBvaXVAeW9wbWFpbC5jb20iLCJyb2xlIjoiQWRtaW4iLCJpYXQiOjE3MDkyNzk2MjIsImV4cCI6MTcwOTM2NjAyMn0.oaj0BOiIkkaZg-WxAY2NQFPUMerrhAdArQ7B8D1D438","level":"info","message":"Response Data: Admin Logged In Successfully","timestamp":"2024-03-01T07:53:42.253Z"}
{"level":"info","message":"Request Query Parameters:","timestamp":"2024-03-01T07:57:22.841Z"}
{"level":"info","message":"Request Body:","timestamp":"2024-03-01T07:57:22.844Z"}
{"level":"info","message":"Request Query Parameters:","timestamp":"2024-03-01T08:01:40.554Z"}
{"level":"info","message":"Request Body:","timestamp":"2024-03-01T08:01:40.556Z"}
{"level":"info","message":"Request Query Parameters:","timestamp":"2024-03-01T08:02:03.645Z"}
{"level":"info","message":"Request Body:","timestamp":"2024-03-01T08:02:03.647Z"}
{"level":"info","message":"Request Query Parameters:","timestamp":"2024-03-01T08:02:15.928Z"}
{"level":"info","message":"Request Body:","timestamp":"2024-03-01T08:02:15.929Z"}
{"level":"info","message":"Request Query Parameters:","timestamp":"2024-03-01T08:02:54.242Z"}
{"level":"info","message":"Request Body:","timestamp":"2024-03-01T08:02:54.243Z"}
{"level":"info","message":"Request Query Parameters:","timestamp":"2024-03-01T08:03:50.285Z"}
{"level":"info","message":"Request Body:","timestamp":"2024-03-01T08:03:50.287Z"}
{"level":"info","message":"Request Query Parameters:","timestamp":"2024-03-01T08:06:20.407Z"}
{"level":"info","message":"Request Body:","timestamp":"2024-03-01T08:06:20.409Z"}
{"LoggedinAdmin":{"AuthType":"local","__v":0,"_id":"65e1877e0361dc9ff3c86793","admin":false,"createdAt":"2024-03-01T07:45:02.692Z","dateOfBirth":"2023-12-10T00:00:00.000Z","email":"poiu@yopmail.com","emailVerified":false,"gender":"Male","isActive":false,"mobileNumber":1234567890,"mobileVerified":false,"name":"Poiu","password":"$2b$10$gDeZHs9OWzmwu5sxzdrNr.iE./FU4VW9xT.5VHz7J0zUnxvfg5Mz.","profile":[],"registeredSalons":[],"role":"Admin","salonId":0,"updatedAt":"2024-03-01T07:52:22.338Z"},"level":"info","message":"Response Data:","success":true,"timestamp":"2024-03-01T08:06:21.597Z"}
{"level":"info","message":"Request Query Parameters:","timestamp":"2024-03-01T08:17:01.225Z"}
{"level":"info","message":"Request Body:","timestamp":"2024-03-01T08:17:01.227Z"}
{"level":"info","message":"Response Data: Admin Cookie cleared","success":true,"timestamp":"2024-03-01T08:17:01.228Z"}
{"level":"info","message":"Request Query Parameters:","timestamp":"2024-03-01T08:17:04.756Z"}
{"level":"info","message":"Request Body:","timestamp":"2024-03-01T08:17:04.756Z"}
{"level":"info","message":"Response Data: UnAuthorized Admin","success":false,"timestamp":"2024-03-01T08:17:04.758Z"}
{"level":"info","message":"Request Query Parameters:","timestamp":"2024-03-01T08:17:06.618Z"}
{"level":"info","message":"Request Body:","timestamp":"2024-03-01T08:17:06.618Z"}
{"level":"info","message":"Response Data: UnAuthorized Admin","success":false,"timestamp":"2024-03-01T08:17:06.618Z"}
{"level":"info","message":"Request Query Parameters:","timestamp":"2024-03-01T08:17:09.712Z"}
{"email":"poiu@yopmail.com","level":"info","message":"Request Body:","password":"12345678","timestamp":"2024-03-01T08:17:09.713Z"}
{"accessToken":"eyJhbGciOiJIUzI1NiIsInR5cCI6IkpXVCJ9.eyJlbWFpbCI6InBvaXVAeW9wbWFpbC5jb20iLCJyb2xlIjoiQWRtaW4iLCJpYXQiOjE3MDkyODEwMzAsImV4cCI6MTcwOTI4MTA0MH0.QUvYiVdLQDFh4hpVqf5gezaew-w1rVADUsKcbujfuIU","level":"info","message":"Response Data: Admin Logged In Successfully","timestamp":"2024-03-01T08:17:10.117Z"}
{"level":"info","message":"Request Query Parameters:","timestamp":"2024-03-01T08:17:19.728Z"}
{"level":"info","message":"Request Body:","timestamp":"2024-03-01T08:17:19.728Z"}
{"LoggedinAdmin":{"AuthType":"local","__v":0,"_id":"65e1877e0361dc9ff3c86793","admin":false,"createdAt":"2024-03-01T07:45:02.692Z","dateOfBirth":"2023-12-10T00:00:00.000Z","email":"poiu@yopmail.com","emailVerified":false,"gender":"Male","isActive":false,"mobileNumber":1234567890,"mobileVerified":false,"name":"Poiu","password":"$2b$10$gDeZHs9OWzmwu5sxzdrNr.iE./FU4VW9xT.5VHz7J0zUnxvfg5Mz.","profile":[],"registeredSalons":[],"role":"Admin","salonId":0,"updatedAt":"2024-03-01T07:52:22.338Z"},"level":"info","message":"Response Data:","success":true,"timestamp":"2024-03-01T08:17:20.030Z"}
{"level":"info","message":"Request Query Parameters:","timestamp":"2024-03-01T08:17:23.233Z"}
{"level":"info","message":"Request Body:","timestamp":"2024-03-01T08:17:23.233Z"}
{"level":"info","message":"Response Data: Forbidden Admin","timestamp":"2024-03-01T08:17:23.234Z"}
{"level":"info","message":"Request Query Parameters:","timestamp":"2024-03-01T08:17:25.583Z"}
{"level":"info","message":"Request Body:","timestamp":"2024-03-01T08:17:25.583Z"}
{"level":"info","message":"Response Data: Forbidden Admin","timestamp":"2024-03-01T08:17:25.585Z"}
{"level":"info","message":"Request Query Parameters:","timestamp":"2024-03-01T08:20:50.007Z"}
{"level":"info","message":"Request Body:","timestamp":"2024-03-01T08:20:50.009Z"}
{"level":"info","message":"Response Data: Home Route","timestamp":"2024-03-01T08:20:50.011Z"}
{"level":"info","message":"Request Query Parameters:","timestamp":"2024-03-01T08:22:07.621Z"}
{"level":"info","message":"Request Body:","timestamp":"2024-03-01T08:22:07.623Z"}
{"level":"info","message":"Response Data: Forbidden Admin","timestamp":"2024-03-01T08:22:07.629Z"}
{"level":"info","message":"Request Query Parameters:","timestamp":"2024-03-01T08:22:17.072Z"}
{"level":"info","message":"Request Body:","timestamp":"2024-03-01T08:22:17.073Z"}
{"level":"info","message":"Response Data: Forbidden Admin","timestamp":"2024-03-01T08:22:17.077Z"}
{"level":"info","message":"Request Query Parameters:","timestamp":"2024-03-01T08:22:25.397Z"}
{"level":"info","message":"Request Body:","timestamp":"2024-03-01T08:22:25.398Z"}
{"level":"info","message":"Response Data: UnAuthorized Admin","success":false,"timestamp":"2024-03-01T08:22:25.398Z"}
{"level":"info","message":"Request Query Parameters:","timestamp":"2024-03-01T08:22:31.023Z"}
{"email":"poiu@yopmail.com","level":"info","message":"Request Body:","password":"12345678","timestamp":"2024-03-01T08:22:31.023Z"}
{"accessToken":"eyJhbGciOiJIUzI1NiIsInR5cCI6IkpXVCJ9.eyJlbWFpbCI6InBvaXVAeW9wbWFpbC5jb20iLCJyb2xlIjoiQWRtaW4iLCJpYXQiOjE3MDkyODEzNTEsImV4cCI6MTcwOTM2Nzc1MX0.mManlU4R8TRzK0g4qsHsr_72OXErzllhZWU4RIGYHmM","level":"info","message":"Response Data: Admin Logged In Successfully","timestamp":"2024-03-01T08:22:31.414Z"}
{"level":"info","message":"Request Query Parameters:","timestamp":"2024-03-01T08:22:34.574Z"}
{"level":"info","message":"Request Body:","timestamp":"2024-03-01T08:22:34.574Z"}
{"level":"info","message":"Response Data: Home Route","timestamp":"2024-03-01T08:22:34.575Z"}
{"level":"info","message":"Request Query Parameters:","timestamp":"2024-03-01T08:23:32.667Z"}
{"level":"info","message":"Request Body:","timestamp":"2024-03-01T08:23:32.670Z"}
{"email":"poiu@yopmail.com","level":"info","message":"Response Data: Home Route","role":"Admin","timestamp":"2024-03-01T08:23:32.677Z"}
{"level":"info","message":"Request Query Parameters:","timestamp":"2024-03-01T08:24:56.936Z"}
{"level":"info","message":"Request Body:","timestamp":"2024-03-01T08:24:56.937Z"}
{"email":"poiu@yopmail.com","level":"info","message":"Response Data: Home Route","role":"Admin","timestamp":"2024-03-01T08:24:56.938Z"}
{"level":"info","message":"Request Query Parameters:","timestamp":"2024-03-01T08:25:03.089Z"}
{"level":"info","message":"Request Body:","timestamp":"2024-03-01T08:25:03.089Z"}
{"level":"info","message":"Response Data: UnAuthorized Admin","success":false,"timestamp":"2024-03-01T08:25:03.090Z"}
{"level":"info","message":"Request Query Parameters:","timestamp":"2024-03-01T08:25:24.228Z"}
{"level":"info","message":"Request Body:","timestamp":"2024-03-01T08:25:24.228Z"}
{"level":"info","message":"Response Data: UnAuthorized Admin","success":false,"timestamp":"2024-03-01T08:25:24.229Z"}
{"level":"info","message":"Request Query Parameters:","timestamp":"2024-03-01T08:25:27.061Z"}
{"email":"poiu@yopmail.com","level":"info","message":"Request Body:","password":"12345678","timestamp":"2024-03-01T08:25:27.061Z"}
{"accessToken":"eyJhbGciOiJIUzI1NiIsInR5cCI6IkpXVCJ9.eyJlbWFpbCI6InBvaXVAeW9wbWFpbC5jb20iLCJyb2xlIjoiQWRtaW4iLCJpYXQiOjE3MDkyODE1MjcsImV4cCI6MTcwOTM2NzkyN30.CHUsIihZtWL_Om3dDnT0K3Ujt5BbRtMTv3O4ZtNt6ys","level":"info","message":"Response Data: Admin Logged In Successfully","timestamp":"2024-03-01T08:25:27.443Z"}
{"level":"info","message":"Request Query Parameters:","timestamp":"2024-03-01T08:25:31.399Z"}
{"level":"info","message":"Request Body:","timestamp":"2024-03-01T08:25:31.399Z"}
{"LoggedinAdmin":{"AuthType":"local","__v":0,"_id":"65e1877e0361dc9ff3c86793","admin":false,"createdAt":"2024-03-01T07:45:02.692Z","dateOfBirth":"2023-12-10T00:00:00.000Z","email":"poiu@yopmail.com","emailVerified":false,"gender":"Male","isActive":false,"mobileNumber":1234567890,"mobileVerified":false,"name":"Poiu","password":"$2b$10$gDeZHs9OWzmwu5sxzdrNr.iE./FU4VW9xT.5VHz7J0zUnxvfg5Mz.","profile":[],"registeredSalons":[],"role":"Admin","salonId":0,"updatedAt":"2024-03-01T07:52:22.338Z"},"level":"info","message":"Response Data:","success":true,"timestamp":"2024-03-01T08:25:31.682Z"}
{"adminEmail":"sagniknandy27@gmail.com","level":"info","message":"Request Query Parameters:","timestamp":"2024-03-01T08:30:06.705Z"}
{"level":"info","message":"Request Body:","timestamp":"2024-03-01T08:30:06.707Z"}
{"level":"info","message":"Response Data: UnAuthorized Admin","success":false,"timestamp":"2024-03-01T08:30:06.710Z"}
{"level":"info","message":"Request Query Parameters:","timestamp":"2024-03-01T08:30:13.836Z"}
{"email":"poiu@yopmail.com","level":"info","message":"Request Body:","password":"12345678","timestamp":"2024-03-01T08:30:13.836Z"}
{"accessToken":"eyJhbGciOiJIUzI1NiIsInR5cCI6IkpXVCJ9.eyJlbWFpbCI6InBvaXVAeW9wbWFpbC5jb20iLCJyb2xlIjoiQWRtaW4iLCJpYXQiOjE3MDkyODE4MTQsImV4cCI6MTcwOTM2ODIxNH0.EEvJ2qgntEk8mL3hah92aHOFTaExizlKfdlcLwMQXhI","level":"info","message":"Response Data: Admin Logged In Successfully","timestamp":"2024-03-01T08:30:14.243Z"}
{"adminEmail":"sagniknandy27@gmail.com","level":"info","message":"Request Query Parameters:","timestamp":"2024-03-01T08:30:19.615Z"}
{"level":"info","message":"Request Body:","timestamp":"2024-03-01T08:30:19.615Z"}
{"level":"info","message":"Response Data: Salons found successfully.","response":[{"__v":0,"_id":"65cdaf82a76d31baf5b62636","address":"kalyani","adminEmail":"sagniknandy27@gmail.com","city":"kalyani Nadia","contactTel":6291059885,"country":"india","createdAt":"2024-02-15T06:30:26.364Z","fbLink":"fb@gmail.com","gallery":[],"instraLink":"insta@gmail.com","isDeleted":false,"isLicensed":false,"isOnline":false,"location":{"coordinates":{"_id":"65cdaf82a76d31baf5b62637","latitude":22.9769216,"longitude":88.4670464},"type":"Point"},"postCode":"741235","salonCode":"SA11","salonEmail":"sagniknandy78@gmail.com","salonId":11,"salonLogo":[{"_id":"65cdaf84a76d31baf5b62643","public_id":"salons/rose","url":"https://res.cloudinary.com/dfrw3aqyp/image/upload/v1707547854/salons/rose.jpg"}],"salonName":"sagnikSalon78","salonRatings":[],"salonType":"Salon Type 3","services":[{"_id":"65cdaf82a76d31baf5b62638","serviceCode":"HA111","serviceDesc":"Hair Desc","serviceEWT":30,"serviceIcon":{"public_id":"icons/hair dyes_1706703379402","url":"https://res.cloudinary.com/dfrw3aqyp/image/upload/v1706703381/icons/hair%20dyes_1706703379402.jpg"},"serviceId":111,"serviceName":"Hair ","servicePrice":300},{"_id":"65cdaf82a76d31baf5b62639","serviceCode":"SP112","serviceDesc":"Spa  Desc","serviceEWT":55,"serviceIcon":{"public_id":"icons/shave_1706703379407","url":"https://res.cloudinary.com/dfrw3aqyp/image/upload/v1706703381/icons/shave_1706703379407.png"},"serviceId":112,"serviceName":"Spa","servicePrice":500}],"twitterLink":"twitter@gmail.com","updatedAt":"2024-02-15T08:18:29.412Z","webLink":"web@gmail.com"},{"__v":0,"_id":"65cdb035a76d31baf5b626a0","address":"kalyani","adminEmail":"sagniknandy27@gmail.com","city":"kalyani Nadia","contactTel":6291059885,"country":"india","createdAt":"2024-02-15T06:33:25.733Z","fbLink":"fb@gmail.com","gallery":[{"_id":"65cdb195a76d31baf5b629bd","public_id":"students/salon1","url":"https://res.cloudinary.com/dfrw3aqyp/image/upload/v1707026986/students/salon1.jpg"},{"_id":"65cdb195a76d31baf5b629be","public_id":"students/salon2","url":"https://res.cloudinary.com/dfrw3aqyp/image/upload/v1707978026/students/salon2.jpg"}],"instraLink":"insta@gmail.com","isDeleted":false,"isLicensed":false,"isOnline":true,"location":{"coordinates":{"_id":"65cdb035a76d31baf5b626a1","latitude":22.9769216,"longitude":88.4670464},"type":"Point"},"postCode":"741235","salonCode":"SA12","salonEmail":"sagniknandy78@gmail.com","salonId":12,"salonLogo":[{"_id":"65cdb037a76d31baf5b626ad","public_id":"salons/rose","url":"https://res.cloudinary.com/dfrw3aqyp/image/upload/v1707547854/salons/rose.jpg"}],"salonName":"sagnikSalon80","salonRatings":[],"salonType":"Salon Type 3","services":[{"_id":"65cdb035a76d31baf5b626a2","serviceCode":"HA121","serviceDesc":"Hair Desc","serviceEWT":30,"serviceIcon":{"public_id":"icons/hair dyes_1706703379402","url":"https://res.cloudinary.com/dfrw3aqyp/image/upload/v1706703381/icons/hair%20dyes_1706703379402.jpg"},"serviceId":121,"serviceName":"Hair","servicePrice":400},{"_id":"65cdb035a76d31baf5b626a3","serviceCode":"SP122","serviceDesc":"Spa Desc","serviceEWT":55,"serviceIcon":{"public_id":"icons/shave_1706703379407","url":"https://res.cloudinary.com/dfrw3aqyp/image/upload/v1706703381/icons/shave_1706703379407.png"},"serviceId":122,"serviceName":"Spa","servicePrice":500}],"twitterLink":"twitter@gmail.com","updatedAt":"2024-02-27T15:58:39.859Z","webLink":"web@gmail.com"},{"__v":0,"_id":"65e0314ba8b05fa951fe81d4","address":"kill","adminEmail":"sagniknandy27@gmail.com","city":"New York Mills","contactTel":1234567890,"country":"United States","createdAt":"2024-02-29T07:24:59.421Z","currency":"USD","fbLink":"fb@gmail.com","gallery":[{"_id":"65e053252195e17a7a428c31","public_id":"students/salon1","url":"https://res.cloudinary.com/dfrw3aqyp/image/upload/v1707026986/students/salon1.jpg"},{"_id":"65e053252195e17a7a428c32","public_id":"students/salon2","url":"https://res.cloudinary.com/dfrw3aqyp/image/upload/v1707978026/students/salon2.jpg"},{"_id":"65e053252195e17a7a428c33","public_id":"students/salon3","url":"https://res.cloudinary.com/dfrw3aqyp/image/upload/v1707027020/students/salon3.png"}],"instraLink":"insta@gmail.com","isDeleted":false,"isLicensed":false,"isOnline":false,"location":{"coordinates":{"_id":"65e0314ba8b05fa951fe81d5","latitude":22.9834752,"longitude":88.4670464},"type":"Point"},"postCode":"123456","salonCode":"KI16","salonEmail":"kill@gmail.com","salonId":16,"salonLogo":[{"_id":"65e053352195e17a7a428ccf","public_id":"salons/rose","url":"https://res.cloudinary.com/dfrw3aqyp/image/upload/v1707547854/salons/rose.jpg"}],"salonName":"kill1234","salonRatings":[],"salonType":"Salon Type 3","services":[{"_id":"65e0314ba8b05fa951fe81d6","serviceCode":"HA161","serviceDesc":"dasfsdf","serviceEWT":34,"serviceIcon":{"public_id":"icons/hair dyes_1706703379402","url":"https://res.cloudinary.com/dfrw3aqyp/image/upload/v1706703381/icons/hair%20dyes_1706703379402.jpg"},"serviceId":161,"serviceName":"Hair ","servicePrice":345},{"_id":"65e0314ba8b05fa951fe81d7","serviceCode":"ME162","serviceDesc":"sdffs","serviceEWT":34,"serviceIcon":{"public_id":"icons/massage_1706703379406","url":"https://res.cloudinary.com/dfrw3aqyp/image/upload/v1706703380/icons/massage_1706703379406.jpg"},"serviceId":162,"serviceName":"Message","servicePrice":567}],"timeZone":"","twitterLink":"twit@gmail.com","updatedAt":"2024-02-29T09:49:41.660Z","webLink":"web@gmail.com"}],"success":true,"timestamp":"2024-03-01T08:30:19.967Z"}
{"adminEmail":"sagniknandy27@gmail.com","level":"info","message":"Request Query Parameters:","timestamp":"2024-03-01T08:33:31.422Z"}
{"level":"info","message":"Request Body:","timestamp":"2024-03-01T08:33:31.423Z"}
{"level":"info","message":"Response Data: UnAuthorized Admin","success":false,"timestamp":"2024-03-01T08:33:31.426Z"}
{"level":"info","message":"Request Query Parameters:","timestamp":"2024-03-01T08:33:35.416Z"}
{"email":"poiu@yopmail.com","level":"info","message":"Request Body:","password":"12345678","timestamp":"2024-03-01T08:33:35.416Z"}
{"accessToken":"eyJhbGciOiJIUzI1NiIsInR5cCI6IkpXVCJ9.eyJlbWFpbCI6InBvaXVAeW9wbWFpbC5jb20iLCJyb2xlIjoiQWRtaW4iLCJpYXQiOjE3MDkyODIwMTUsImV4cCI6MTcwOTI4MjAyNX0.NmMr9ALujQnCF_ujGeh-BtUUCwJ3UwRm-KxzSUNhJi0","level":"info","message":"Response Data: Admin Logged In Successfully","timestamp":"2024-03-01T08:33:35.868Z"}
{"adminEmail":"sagniknandy27@gmail.com","level":"info","message":"Request Query Parameters:","timestamp":"2024-03-01T08:33:48.170Z"}
{"level":"info","message":"Request Body:","timestamp":"2024-03-01T08:33:48.170Z"}
{"level":"info","message":"Response Data: Forbidden Admin","timestamp":"2024-03-01T08:33:48.176Z"}
{"adminEmail":"sagniknandy27@gmail.com","level":"info","message":"Request Query Parameters:","timestamp":"2024-03-01T08:33:50.134Z"}
{"level":"info","message":"Request Body:","timestamp":"2024-03-01T08:33:50.135Z"}
{"level":"info","message":"Response Data: Forbidden Admin","timestamp":"2024-03-01T08:33:50.136Z"}
{"level":"info","message":"Request Query Parameters:","timestamp":"2024-03-01T08:33:56.023Z"}
{"email":"poiu@yopmail.com","level":"info","message":"Request Body:","password":"12345678","timestamp":"2024-03-01T08:33:56.023Z"}
{"accessToken":"eyJhbGciOiJIUzI1NiIsInR5cCI6IkpXVCJ9.eyJlbWFpbCI6InBvaXVAeW9wbWFpbC5jb20iLCJyb2xlIjoiQWRtaW4iLCJpYXQiOjE3MDkyODIwMzYsImV4cCI6MTcwOTI4MjA0Nn0.WDAboZRVsBdsxltbvyPNHhRQP8XFlT7k5CVL4XYx8d0","level":"info","message":"Response Data: Admin Logged In Successfully","timestamp":"2024-03-01T08:33:56.399Z"}
{"adminEmail":"sagniknandy27@gmail.com","level":"info","message":"Request Query Parameters:","timestamp":"2024-03-01T08:33:58.261Z"}
{"level":"info","message":"Request Body:","timestamp":"2024-03-01T08:33:58.261Z"}
{"level":"info","message":"Response Data: Salons found successfully.","response":[{"__v":0,"_id":"65cdaf82a76d31baf5b62636","address":"kalyani","adminEmail":"sagniknandy27@gmail.com","city":"kalyani Nadia","contactTel":6291059885,"country":"india","createdAt":"2024-02-15T06:30:26.364Z","fbLink":"fb@gmail.com","gallery":[],"instraLink":"insta@gmail.com","isDeleted":false,"isLicensed":false,"isOnline":false,"location":{"coordinates":{"_id":"65cdaf82a76d31baf5b62637","latitude":22.9769216,"longitude":88.4670464},"type":"Point"},"postCode":"741235","salonCode":"SA11","salonEmail":"sagniknandy78@gmail.com","salonId":11,"salonLogo":[{"_id":"65cdaf84a76d31baf5b62643","public_id":"salons/rose","url":"https://res.cloudinary.com/dfrw3aqyp/image/upload/v1707547854/salons/rose.jpg"}],"salonName":"sagnikSalon78","salonRatings":[],"salonType":"Salon Type 3","services":[{"_id":"65cdaf82a76d31baf5b62638","serviceCode":"HA111","serviceDesc":"Hair Desc","serviceEWT":30,"serviceIcon":{"public_id":"icons/hair dyes_1706703379402","url":"https://res.cloudinary.com/dfrw3aqyp/image/upload/v1706703381/icons/hair%20dyes_1706703379402.jpg"},"serviceId":111,"serviceName":"Hair ","servicePrice":300},{"_id":"65cdaf82a76d31baf5b62639","serviceCode":"SP112","serviceDesc":"Spa  Desc","serviceEWT":55,"serviceIcon":{"public_id":"icons/shave_1706703379407","url":"https://res.cloudinary.com/dfrw3aqyp/image/upload/v1706703381/icons/shave_1706703379407.png"},"serviceId":112,"serviceName":"Spa","servicePrice":500}],"twitterLink":"twitter@gmail.com","updatedAt":"2024-02-15T08:18:29.412Z","webLink":"web@gmail.com"},{"__v":0,"_id":"65cdb035a76d31baf5b626a0","address":"kalyani","adminEmail":"sagniknandy27@gmail.com","city":"kalyani Nadia","contactTel":6291059885,"country":"india","createdAt":"2024-02-15T06:33:25.733Z","fbLink":"fb@gmail.com","gallery":[{"_id":"65cdb195a76d31baf5b629bd","public_id":"students/salon1","url":"https://res.cloudinary.com/dfrw3aqyp/image/upload/v1707026986/students/salon1.jpg"},{"_id":"65cdb195a76d31baf5b629be","public_id":"students/salon2","url":"https://res.cloudinary.com/dfrw3aqyp/image/upload/v1707978026/students/salon2.jpg"}],"instraLink":"insta@gmail.com","isDeleted":false,"isLicensed":false,"isOnline":true,"location":{"coordinates":{"_id":"65cdb035a76d31baf5b626a1","latitude":22.9769216,"longitude":88.4670464},"type":"Point"},"postCode":"741235","salonCode":"SA12","salonEmail":"sagniknandy78@gmail.com","salonId":12,"salonLogo":[{"_id":"65cdb037a76d31baf5b626ad","public_id":"salons/rose","url":"https://res.cloudinary.com/dfrw3aqyp/image/upload/v1707547854/salons/rose.jpg"}],"salonName":"sagnikSalon80","salonRatings":[],"salonType":"Salon Type 3","services":[{"_id":"65cdb035a76d31baf5b626a2","serviceCode":"HA121","serviceDesc":"Hair Desc","serviceEWT":30,"serviceIcon":{"public_id":"icons/hair dyes_1706703379402","url":"https://res.cloudinary.com/dfrw3aqyp/image/upload/v1706703381/icons/hair%20dyes_1706703379402.jpg"},"serviceId":121,"serviceName":"Hair","servicePrice":400},{"_id":"65cdb035a76d31baf5b626a3","serviceCode":"SP122","serviceDesc":"Spa Desc","serviceEWT":55,"serviceIcon":{"public_id":"icons/shave_1706703379407","url":"https://res.cloudinary.com/dfrw3aqyp/image/upload/v1706703381/icons/shave_1706703379407.png"},"serviceId":122,"serviceName":"Spa","servicePrice":500}],"twitterLink":"twitter@gmail.com","updatedAt":"2024-02-27T15:58:39.859Z","webLink":"web@gmail.com"},{"__v":0,"_id":"65e0314ba8b05fa951fe81d4","address":"kill","adminEmail":"sagniknandy27@gmail.com","city":"New York Mills","contactTel":1234567890,"country":"United States","createdAt":"2024-02-29T07:24:59.421Z","currency":"USD","fbLink":"fb@gmail.com","gallery":[{"_id":"65e053252195e17a7a428c31","public_id":"students/salon1","url":"https://res.cloudinary.com/dfrw3aqyp/image/upload/v1707026986/students/salon1.jpg"},{"_id":"65e053252195e17a7a428c32","public_id":"students/salon2","url":"https://res.cloudinary.com/dfrw3aqyp/image/upload/v1707978026/students/salon2.jpg"},{"_id":"65e053252195e17a7a428c33","public_id":"students/salon3","url":"https://res.cloudinary.com/dfrw3aqyp/image/upload/v1707027020/students/salon3.png"}],"instraLink":"insta@gmail.com","isDeleted":false,"isLicensed":false,"isOnline":false,"location":{"coordinates":{"_id":"65e0314ba8b05fa951fe81d5","latitude":22.9834752,"longitude":88.4670464},"type":"Point"},"postCode":"123456","salonCode":"KI16","salonEmail":"kill@gmail.com","salonId":16,"salonLogo":[{"_id":"65e053352195e17a7a428ccf","public_id":"salons/rose","url":"https://res.cloudinary.com/dfrw3aqyp/image/upload/v1707547854/salons/rose.jpg"}],"salonName":"kill1234","salonRatings":[],"salonType":"Salon Type 3","services":[{"_id":"65e0314ba8b05fa951fe81d6","serviceCode":"HA161","serviceDesc":"dasfsdf","serviceEWT":34,"serviceIcon":{"public_id":"icons/hair dyes_1706703379402","url":"https://res.cloudinary.com/dfrw3aqyp/image/upload/v1706703381/icons/hair%20dyes_1706703379402.jpg"},"serviceId":161,"serviceName":"Hair ","servicePrice":345},{"_id":"65e0314ba8b05fa951fe81d7","serviceCode":"ME162","serviceDesc":"sdffs","serviceEWT":34,"serviceIcon":{"public_id":"icons/massage_1706703379406","url":"https://res.cloudinary.com/dfrw3aqyp/image/upload/v1706703380/icons/massage_1706703379406.jpg"},"serviceId":162,"serviceName":"Message","servicePrice":567}],"timeZone":"","twitterLink":"twit@gmail.com","updatedAt":"2024-02-29T09:49:41.660Z","webLink":"web@gmail.com"}],"success":true,"timestamp":"2024-03-01T08:33:58.602Z"}
